<?xml version="1.0" encoding="UTF-8"?>
<testng-results ignored="0" total="0" passed="0" failed="0" skipped="0">
  <reporter-output>
  </reporter-output>
  <suite started-at="2023-05-01T12:43:31 CST" name="TestRunner.TestRunner" finished-at="2023-05-01T12:43:31 CST" duration-ms="12">
    <groups>
    </groups>
    <test started-at="2023-05-01T12:43:31 CST" name="Command line test" finished-at="2023-05-01T12:43:31 CST" duration-ms="12">
    </test> <!-- Command line test -->
  </suite> <!-- TestRunner.TestRunner -->
</testng-results>
